<?xml version="1.0" encoding="UTF-8"?>
<!-- Generated by org.testng.reporters.JUnitReportReporter -->
<testsuite hostname="ASCINLAP61553" failures="0" tests="1" name="Tests.BlazeTest" time="42.048" errors="0" timestamp="2025-05-23T19:57:53 IST" skipped="0">
  <testcase classname="Tests.BlazeTest" name="invalidThenValidLogin" time="42.048"/>
</testsuite> <!-- Tests.BlazeTest -->
